#
# There is insufficient memory for the Java Runtime Environment to continue.
# Native memory allocation (mmap) failed to map 27262976 bytes. Error detail: G1 virtual space
# Possible reasons:
#   The system is out of physical RAM or swap space
#   This process is running with CompressedOops enabled, and the Java Heap may be blocking the growth of the native heap
# Possible solutions:
#   Reduce memory load on the system
#   Increase physical memory or swap space
#   Check if swap backing store is full
#   Decrease Java heap size (-Xmx/-Xms)
#   Decrease number of Java threads
#   Decrease Java thread stack sizes (-Xss)
#   Set larger code cache with -XX:ReservedCodeCacheSize=
#   JVM is running with Unscaled Compressed Oops mode in which the Java heap is
#     placed in the first 4GB address space. The Java Heap base address is the
#     maximum limit for the native heap growth. Please use -XX:HeapBaseMinAddress
#     to set the Java Heap base and to place the Java Heap above 4GB virtual address.
# This output file may be truncated or incomplete.
#
#  Out of Memory Error (os_windows.cpp:3603), pid=17316, tid=2420
#
# JRE version: OpenJDK Runtime Environment Corretto-21.0.3.9.1 (21.0.3+9) (build 21.0.3+9-LTS)
# Java VM: OpenJDK 64-Bit Server VM Corretto-21.0.3.9.1 (21.0.3+9-LTS, mixed mode, emulated-client, sharing, tiered, compressed oops, compressed class ptrs, g1 gc, windows-amd64)
# No core dump will be written. Minidumps are not enabled by default on client versions of Windows
#

---------------  S U M M A R Y ------------

Command Line: -XX:TieredStopAtLevel=1 -Dspring.output.ansi.enabled=always -Dcom.sun.management.jmxremote -Dspring.jmx.enabled=true -Dspring.liveBeansView.mbeanDomain -Dspring.application.admin.enabled=true -Dmanagement.endpoints.jmx.exposure.include=* -javaagent:C:\Program Files\JetBrains\IntelliJ IDEA 2023.1.1\lib\idea_rt.jar=49970:C:\Program Files\JetBrains\IntelliJ IDEA 2023.1.1\bin -Dfile.encoding=UTF-8 -Dsun.stdout.encoding=UTF-8 -Dsun.stderr.encoding=UTF-8 com.example.hotelManagmentSystem.HotelManagmentSystemApplication

Host: Intel(R) Core(TM) i7-5500U CPU @ 2.40GHz, 4 cores, 7G,  Windows 10 , 64 bit Build 19041 (10.0.19041.3636)
Time: Fri Jun 21 15:18:23 2024 W. Europe Daylight Time elapsed time: 22.103397 seconds (0d 0h 0m 22s)

---------------  T H R E A D  ---------------

Current thread (0x000001c728921cc0):  VMThread "VM Thread"          [id=2420, stack(0x0000004073600000,0x0000004073700000) (1024K)]

Stack: [0x0000004073600000,0x0000004073700000]
Native frames: (J=compiled Java code, j=interpreted, Vv=VM code, C=native code)
V  [jvm.dll+0x6d4fa9]
V  [jvm.dll+0x8b01c3]
V  [jvm.dll+0x8b251e]
V  [jvm.dll+0x8b2c03]
V  [jvm.dll+0x284fb6]
V  [jvm.dll+0x6d1775]
V  [jvm.dll+0x6c5eaa]
V  [jvm.dll+0x35bd0b]
V  [jvm.dll+0x3638b6]
V  [jvm.dll+0x3b4e46]
V  [jvm.dll+0x3b5118]
V  [jvm.dll+0x32f44c]
V  [jvm.dll+0x331e56]
V  [jvm.dll+0x33bd7e]
V  [jvm.dll+0x372495]
V  [jvm.dll+0x8b8368]
V  [jvm.dll+0x8b9464]
V  [jvm.dll+0x8b99a0]
V  [jvm.dll+0x8b9c33]
V  [jvm.dll+0x859258]
V  [jvm.dll+0x6d37ed]
C  [ucrtbase.dll+0x21bb2]
C  [KERNEL32.DLL+0x17344]
C  [ntdll.dll+0x4cc91]

VM_Operation (0x00000040731ff2f0): G1PauseRemark, mode: safepoint, requested by thread 0x000001c72ab85d30


---------------  P R O C E S S  ---------------

Threads class SMR info:
_java_thread_list=0x000001c702ceeb50, length=29, elements={
0x000001c72894e970, 0x000001c73ad6dba0, 0x000001c73ad6eac0, 0x000001c73ad6f9e0,
0x000001c73ad735c0, 0x000001c73ad74020, 0x000001c73ad74a80, 0x000001c73ad754e0,
0x000001c73ad38250, 0x000001c700568fb0, 0x000001c7003fdf90, 0x000001c70078e030,
0x000001c700b7e090, 0x000001c700bd1a40, 0x000001c702233e40, 0x000001c70224b6f0,
0x000001c7034e05e0, 0x000001c7034e0c50, 0x000001c703724700, 0x000001c703725ab0,
0x000001c703724070, 0x000001c7037274f0, 0x000001c7037267d0, 0x000001c703725420,
0x000001c703726e60, 0x000001c703726140, 0x000001c703724d90, 0x000001c70375eb80,
0x000001c70375b070
}

Java Threads: ( => current thread )
  0x000001c72894e970 JavaThread "main"                              [_thread_blocked, id=7304, stack(0x0000004072f00000,0x0000004073000000) (1024K)]
  0x000001c73ad6dba0 JavaThread "Reference Handler"          daemon [_thread_blocked, id=10012, stack(0x0000004073800000,0x0000004073900000) (1024K)]
  0x000001c73ad6eac0 JavaThread "Finalizer"                  daemon [_thread_blocked, id=20120, stack(0x0000004073900000,0x0000004073a00000) (1024K)]
  0x000001c73ad6f9e0 JavaThread "Signal Dispatcher"          daemon [_thread_blocked, id=12688, stack(0x0000004073a00000,0x0000004073b00000) (1024K)]
  0x000001c73ad735c0 JavaThread "Attach Listener"            daemon [_thread_blocked, id=7764, stack(0x0000004073b00000,0x0000004073c00000) (1024K)]
  0x000001c73ad74020 JavaThread "Service Thread"             daemon [_thread_blocked, id=9892, stack(0x0000004073c00000,0x0000004073d00000) (1024K)]
  0x000001c73ad74a80 JavaThread "Monitor Deflation Thread"   daemon [_thread_blocked, id=16172, stack(0x0000004073d00000,0x0000004073e00000) (1024K)]
  0x000001c73ad754e0 JavaThread "C1 CompilerThread0"         daemon [_thread_blocked, id=19960, stack(0x0000004073e00000,0x0000004073f00000) (1024K)]
  0x000001c73ad38250 JavaThread "Common-Cleaner"             daemon [_thread_blocked, id=20504, stack(0x0000004073f00000,0x0000004074000000) (1024K)]
  0x000001c700568fb0 JavaThread "Monitor Ctrl-Break"         daemon [_thread_in_native, id=9560, stack(0x0000004074100000,0x0000004074200000) (1024K)]
  0x000001c7003fdf90 JavaThread "Notification Thread"        daemon [_thread_blocked, id=10444, stack(0x0000004074200000,0x0000004074300000) (1024K)]
  0x000001c70078e030 JavaThread "RMI TCP Accept-0"           daemon [_thread_in_native, id=10176, stack(0x0000004074600000,0x0000004074700000) (1024K)]
  0x000001c700b7e090 JavaThread "Thread-0"                          [_thread_blocked, id=12776, stack(0x0000004074700000,0x0000004074800000) (1024K)]
  0x000001c700bd1a40 JavaThread "restartedMain"                     [_thread_blocked, id=9752, stack(0x0000004074800000,0x0000004074900000) (1024K)]
  0x000001c702233e40 JavaThread "PostgreSQL-JDBC-Cleaner"    daemon [_thread_blocked, id=21156, stack(0x0000004074a00000,0x0000004074b00000) (1024K)]
  0x000001c70224b6f0 JavaThread "HikariPool-1 housekeeper"   daemon [_thread_blocked, id=5916, stack(0x0000004074b00000,0x0000004074c00000) (1024K)]
  0x000001c7034e05e0 JavaThread "Catalina-utility-1"                [_thread_blocked, id=22388, stack(0x0000004074000000,0x0000004074100000) (1024K)]
  0x000001c7034e0c50 JavaThread "Catalina-utility-2"                [_thread_blocked, id=5948, stack(0x0000004074c00000,0x0000004074d00000) (1024K)]
  0x000001c703724700 JavaThread "http-nio-8080-exec-1"       daemon [_thread_blocked, id=20808, stack(0x0000004074d00000,0x0000004074e00000) (1024K)]
  0x000001c703725ab0 JavaThread "http-nio-8080-exec-2"       daemon [_thread_blocked, id=21692, stack(0x0000004074e00000,0x0000004074f00000) (1024K)]
  0x000001c703724070 JavaThread "http-nio-8080-exec-3"       daemon [_thread_blocked, id=6208, stack(0x0000004074f00000,0x0000004075000000) (1024K)]
  0x000001c7037274f0 JavaThread "http-nio-8080-exec-4"       daemon [_thread_blocked, id=6836, stack(0x0000004075000000,0x0000004075100000) (1024K)]
  0x000001c7037267d0 JavaThread "http-nio-8080-exec-5"       daemon [_thread_blocked, id=23148, stack(0x0000004075100000,0x0000004075200000) (1024K)]
  0x000001c703725420 JavaThread "http-nio-8080-exec-6"       daemon [_thread_blocked, id=10460, stack(0x0000004075200000,0x0000004075300000) (1024K)]
  0x000001c703726e60 JavaThread "http-nio-8080-exec-7"       daemon [_thread_blocked, id=17748, stack(0x0000004075300000,0x0000004075400000) (1024K)]
  0x000001c703726140 JavaThread "http-nio-8080-exec-8"       daemon [_thread_blocked, id=10760, stack(0x0000004075400000,0x0000004075500000) (1024K)]
  0x000001c703724d90 JavaThread "http-nio-8080-exec-9"       daemon [_thread_blocked, id=15516, stack(0x0000004075500000,0x0000004075600000) (1024K)]
  0x000001c70375eb80 JavaThread "http-nio-8080-exec-10"      daemon [_thread_blocked, id=20080, stack(0x0000004075600000,0x0000004075700000) (1024K)]
  0x000001c70375b070 JavaThread "container-0"                       [_thread_blocked, id=12276, stack(0x0000004075700000,0x0000004075800000) (1024K)]
Total: 29

Other Threads:
=>0x000001c728921cc0 VMThread "VM Thread"                           [id=2420, stack(0x0000004073600000,0x0000004073700000) (1024K)]
  0x000001c73ad36ec0 WatcherThread "VM Periodic Task Thread"        [id=20628, stack(0x0000004073500000,0x0000004073600000) (1024K)]
  0x000001c728921920 WorkerThread "GC Thread#0"                     [id=15368, stack(0x0000004073000000,0x0000004073100000) (1024K)]
  0x000001c728920e40 WorkerThread "GC Thread#1"                     [id=22856, stack(0x0000004074300000,0x0000004074400000) (1024K)]
  0x000001c7289211e0 WorkerThread "GC Thread#2"                     [id=21736, stack(0x0000004074400000,0x0000004074500000) (1024K)]
  0x000001c7006debf0 WorkerThread "GC Thread#3"                     [id=22208, stack(0x0000004074500000,0x0000004074600000) (1024K)]
  0x000001c72ab85d30 ConcurrentGCThread "G1 Main Marker"            [id=1260, stack(0x0000004073100000,0x0000004073200000) (1024K)]
  0x000001c728920aa0 WorkerThread "G1 Conc#0"                       [id=3216, stack(0x0000004073200000,0x0000004073300000) (1024K)]
  0x000001c72abde060 ConcurrentGCThread "G1 Refine#0"               [id=5340, stack(0x0000004073300000,0x0000004073400000) (1024K)]
  0x000001c72abdeae0 ConcurrentGCThread "G1 Service"                [id=7680, stack(0x0000004073400000,0x0000004073500000) (1024K)]
Total: 10

Threads with active compile tasks:
Total: 0

VM state: at safepoint (normal execution)

VM Mutex/Monitor currently owned by a thread:  ([mutex/lock_event])
[0x00007ffad15010c8] Threads_lock - owner thread: 0x000001c728921cc0
[0x00007ffad15011c8] Heap_lock - owner thread: 0x000001c72ab85d30

Heap address: 0x0000000081000000, size: 2032 MB, Compressed Oops mode: 32-bit

CDS archive(s) mapped at: [0x000001c73b000000-0x000001c73bc90000-0x000001c73bc90000), size 13172736, SharedBaseAddress: 0x000001c73b000000, ArchiveRelocationMode: 1.
Compressed class space mapped at: 0x000001c73c000000-0x000001c77c000000, reserved size: 1073741824
Narrow klass base: 0x000001c73b000000, Narrow klass shift: 0, Narrow klass range: 0x100000000

GC Precious Log:
 CardTable entry size: 512
 Card Set container configuration: InlinePtr #cards 5 size 8 Array Of Cards #cards 12 size 40 Howl #buckets 4 coarsen threshold 1843 Howl Bitmap #cards 512 size 80 coarsen threshold 460 Card regions per heap region 1 cards per card region 2048
 CPUs: 4 total, 4 available
 Memory: 8120M
 Large Page Support: Disabled
 NUMA Support: Disabled
 Compressed Oops: Enabled (32-bit)
 Heap Region Size: 1M
 Heap Min Capacity: 8M
 Heap Initial Capacity: 128M
 Heap Max Capacity: 2032M
 Pre-touch: Disabled
 Parallel Workers: 4
 Concurrent Workers: 1
 Concurrent Refinement Workers: 4
 Periodic GC: Disabled

Heap:
 garbage-first heap   total 63488K, used 51424K [0x0000000081000000, 0x0000000100000000)
  region size 1024K, 17 young (17408K), 3 survivors (3072K)
 Metaspace       used 77471K, committed 78208K, reserved 1179648K
  class space    used 11174K, committed 11520K, reserved 1048576K

Heap Regions: E=young(eden), S=young(survivor), O=old, HS=humongous(starts), HC=humongous(continues), CS=collection set, F=free, TAMS=top-at-mark-start, PB=parsable bottom
|   0|0x0000000081000000, 0x0000000081100000, 0x0000000081100000|100%|HS|  |TAMS 0x0000000081100000| PB 0x0000000081000000| Complete 
|   1|0x0000000081100000, 0x0000000081200000, 0x0000000081200000|100%| O|  |TAMS 0x0000000081200000| PB 0x0000000081200000| Untracked 
|   2|0x0000000081200000, 0x0000000081300000, 0x0000000081300000|100%| O|  |TAMS 0x0000000081300000| PB 0x0000000081300000| Untracked 
|   3|0x0000000081300000, 0x0000000081400000, 0x0000000081400000|100%| O|  |TAMS 0x0000000081400000| PB 0x0000000081400000| Untracked 
|   4|0x0000000081400000, 0x0000000081500000, 0x0000000081500000|100%| O|  |TAMS 0x0000000081500000| PB 0x0000000081500000| Untracked 
|   5|0x0000000081500000, 0x0000000081600000, 0x0000000081600000|100%| O|  |TAMS 0x0000000081600000| PB 0x0000000081600000| Untracked 
|   6|0x0000000081600000, 0x0000000081700000, 0x0000000081700000|100%| O|  |TAMS 0x0000000081700000| PB 0x0000000081700000| Updating 
|   7|0x0000000081700000, 0x0000000081800000, 0x0000000081800000|100%| O|  |TAMS 0x0000000081800000| PB 0x0000000081800000| Untracked 
|   8|0x0000000081800000, 0x0000000081900000, 0x0000000081900000|100%| O|  |TAMS 0x0000000081900000| PB 0x0000000081900000| Untracked 
|   9|0x0000000081900000, 0x0000000081a00000, 0x0000000081a00000|100%| O|  |TAMS 0x0000000081a00000| PB 0x0000000081a00000| Untracked 
|  10|0x0000000081a00000, 0x0000000081b00000, 0x0000000081b00000|100%| O|  |TAMS 0x0000000081b00000| PB 0x0000000081b00000| Untracked 
|  11|0x0000000081b00000, 0x0000000081c00000, 0x0000000081c00000|100%| O|  |TAMS 0x0000000081c00000| PB 0x0000000081c00000| Untracked 
|  12|0x0000000081c00000, 0x0000000081d00000, 0x0000000081d00000|100%| O|  |TAMS 0x0000000081d00000| PB 0x0000000081d00000| Untracked 
|  13|0x0000000081d00000, 0x0000000081e00000, 0x0000000081e00000|100%| O|  |TAMS 0x0000000081e00000| PB 0x0000000081e00000| Untracked 
|  14|0x0000000081e00000, 0x0000000081f00000, 0x0000000081f00000|100%| O|  |TAMS 0x0000000081f00000| PB 0x0000000081f00000| Untracked 
|  15|0x0000000081f00000, 0x0000000082000000, 0x0000000082000000|100%| O|  |TAMS 0x0000000082000000| PB 0x0000000082000000| Updating 
|  16|0x0000000082000000, 0x0000000082100000, 0x0000000082100000|100%| O|  |TAMS 0x0000000082100000| PB 0x0000000082100000| Untracked 
|  17|0x0000000082100000, 0x0000000082200000, 0x0000000082200000|100%| O|  |TAMS 0x0000000082200000| PB 0x0000000082200000| Updating 
|  18|0x0000000082200000, 0x0000000082300000, 0x0000000082300000|100%| O|  |TAMS 0x0000000082300000| PB 0x0000000082300000| Untracked 
|  19|0x0000000082300000, 0x0000000082400000, 0x0000000082400000|100%| O|  |TAMS 0x0000000082400000| PB 0x0000000082400000| Untracked 
|  20|0x0000000082400000, 0x0000000082500000, 0x0000000082500000|100%| O|  |TAMS 0x0000000082500000| PB 0x0000000082500000| Updating 
|  21|0x0000000082500000, 0x0000000082600000, 0x0000000082600000|100%| O|  |TAMS 0x0000000082600000| PB 0x0000000082600000| Updating 
|  22|0x0000000082600000, 0x0000000082700000, 0x0000000082700000|100%| O|  |TAMS 0x0000000082700000| PB 0x0000000082700000| Untracked 
|  23|0x0000000082700000, 0x0000000082800000, 0x0000000082800000|100%| O|  |TAMS 0x0000000082800000| PB 0x0000000082800000| Untracked 
|  24|0x0000000082800000, 0x0000000082900000, 0x0000000082900000|100%| O|  |TAMS 0x0000000082900000| PB 0x0000000082900000| Untracked 
|  25|0x0000000082900000, 0x0000000082a00000, 0x0000000082a00000|100%| O|  |TAMS 0x0000000082a00000| PB 0x0000000082a00000| Untracked 
|  26|0x0000000082a00000, 0x0000000082b00000, 0x0000000082b00000|100%| O|  |TAMS 0x0000000082b00000| PB 0x0000000082b00000| Updating 
|  27|0x0000000082b00000, 0x0000000082c00000, 0x0000000082c00000|100%| O|  |TAMS 0x0000000082c00000| PB 0x0000000082c00000| Untracked 
|  28|0x0000000082c00000, 0x0000000082d00000, 0x0000000082d00000|100%| O|  |TAMS 0x0000000082d00000| PB 0x0000000082d00000| Untracked 
|  29|0x0000000082d00000, 0x0000000082d00000, 0x0000000082e00000|  0%| F|  |TAMS 0x0000000082d00000| PB 0x0000000082d00000| Untracked 
|  30|0x0000000082e00000, 0x0000000082f00000, 0x0000000082f00000|100%| O|  |TAMS 0x0000000082f00000| PB 0x0000000082f00000| Updating 
|  31|0x0000000082f00000, 0x0000000083000000, 0x0000000083000000|100%| O|  |TAMS 0x0000000083000000| PB 0x0000000083000000| Untracked 
|  32|0x0000000083000000, 0x0000000083100000, 0x0000000083100000|100%| O|  |TAMS 0x0000000083100000| PB 0x0000000083100000| Untracked 
|  33|0x0000000083100000, 0x0000000083200000, 0x0000000083200000|100%| O|  |TAMS 0x0000000083200000| PB 0x0000000083200000| Untracked 
|  34|0x0000000083200000, 0x0000000083300000, 0x0000000083300000|100%| O|  |TAMS 0x0000000083300000| PB 0x0000000083300000| Untracked 
|  35|0x0000000083300000, 0x0000000083300000, 0x0000000083400000|  0%| F|  |TAMS 0x0000000083300000| PB 0x0000000083300000| Untracked 
|  36|0x0000000083400000, 0x0000000083400000, 0x0000000083500000|  0%| F|  |TAMS 0x0000000083400000| PB 0x0000000083400000| Untracked 
|  37|0x0000000083500000, 0x0000000083600000, 0x0000000083600000|100%| O|  |TAMS 0x0000000083600000| PB 0x0000000083600000| Untracked 
|  38|0x0000000083600000, 0x0000000083685780, 0x0000000083700000| 52%| O|  |TAMS 0x0000000083685780| PB 0x0000000083685780| Updating 
|  39|0x0000000083700000, 0x00000000837b29c0, 0x0000000083800000| 69%| S|CS|TAMS 0x0000000083700000| PB 0x0000000083700000| Complete 
|  40|0x0000000083800000, 0x0000000083900000, 0x0000000083900000|100%| S|CS|TAMS 0x0000000083800000| PB 0x0000000083800000| Complete 
|  41|0x0000000083900000, 0x0000000083900000, 0x0000000083a00000|  0%| F|  |TAMS 0x0000000083900000| PB 0x0000000083900000| Untracked 
|  42|0x0000000083a00000, 0x0000000083a00000, 0x0000000083b00000|  0%| F|  |TAMS 0x0000000083a00000| PB 0x0000000083a00000| Untracked 
|  43|0x0000000083b00000, 0x0000000083c00000, 0x0000000083c00000|100%| S|CS|TAMS 0x0000000083b00000| PB 0x0000000083b00000| Complete 
|  44|0x0000000083c00000, 0x0000000083c00000, 0x0000000083d00000|  0%| F|  |TAMS 0x0000000083c00000| PB 0x0000000083c00000| Untracked 
|  45|0x0000000083d00000, 0x0000000083d00000, 0x0000000083e00000|  0%| F|  |TAMS 0x0000000083d00000| PB 0x0000000083d00000| Untracked 
|  46|0x0000000083e00000, 0x0000000083e00000, 0x0000000083f00000|  0%| F|  |TAMS 0x0000000083e00000| PB 0x0000000083e00000| Untracked 
|  47|0x0000000083f00000, 0x0000000083f00000, 0x0000000084000000|  0%| F|  |TAMS 0x0000000083f00000| PB 0x0000000083f00000| Untracked 
|  48|0x0000000084000000, 0x00000000840ec9a8, 0x0000000084100000| 92%| E|  |TAMS 0x0000000084000000| PB 0x0000000084000000| Complete 
|  49|0x0000000084100000, 0x0000000084200000, 0x0000000084200000|100%| E|  |TAMS 0x0000000084100000| PB 0x0000000084100000| Complete 
|  50|0x0000000084200000, 0x0000000084300000, 0x0000000084300000|100%| E|CS|TAMS 0x0000000084200000| PB 0x0000000084200000| Complete 
|  51|0x0000000084300000, 0x0000000084400000, 0x0000000084400000|100%| E|CS|TAMS 0x0000000084300000| PB 0x0000000084300000| Complete 
|  52|0x0000000084400000, 0x0000000084500000, 0x0000000084500000|100%| E|CS|TAMS 0x0000000084400000| PB 0x0000000084400000| Complete 
|  79|0x0000000085f00000, 0x0000000086000000, 0x0000000086000000|100%| E|CS|TAMS 0x0000000085f00000| PB 0x0000000085f00000| Complete 
|  80|0x0000000086000000, 0x0000000086100000, 0x0000000086100000|100%| E|CS|TAMS 0x0000000086000000| PB 0x0000000086000000| Complete 
|  81|0x0000000086100000, 0x0000000086200000, 0x0000000086200000|100%| E|CS|TAMS 0x0000000086100000| PB 0x0000000086100000| Complete 
|  82|0x0000000086200000, 0x0000000086300000, 0x0000000086300000|100%| E|CS|TAMS 0x0000000086200000| PB 0x0000000086200000| Complete 
|  83|0x0000000086300000, 0x0000000086400000, 0x0000000086400000|100%| E|CS|TAMS 0x0000000086300000| PB 0x0000000086300000| Complete 
|  84|0x0000000086400000, 0x0000000086500000, 0x0000000086500000|100%| E|CS|TAMS 0x0000000086400000| PB 0x0000000086400000| Complete 
|  85|0x0000000086500000, 0x0000000086600000, 0x0000000086600000|100%| E|CS|TAMS 0x0000000086500000| PB 0x0000000086500000| Complete 
| 126|0x0000000088e00000, 0x0000000088f00000, 0x0000000088f00000|100%| E|CS|TAMS 0x0000000088e00000| PB 0x0000000088e00000| Complete 
| 127|0x0000000088f00000, 0x0000000089000000, 0x0000000089000000|100%| E|CS|TAMS 0x0000000088f00000| PB 0x0000000088f00000| Complete 

Card table byte_map: [0x000001c7365f0000,0x000001c7369f0000] _byte_map_base: 0x000001c7361e8000

Marking Bits: (CMBitMap*) 0x000001c72ab73aa0
 Bits: [0x000001c7369f0000, 0x000001c7389b0000)

Polling page: 0x000001c728b00000

Metaspace:

Usage:
  Non-class:     64.74 MB used.
      Class:     10.91 MB used.
       Both:     75.66 MB used.

Virtual space:
  Non-class space:      128.00 MB reserved,      65.12 MB ( 51%) committed,  2 nodes.
      Class space:        1.00 GB reserved,      11.25 MB (  1%) committed,  1 nodes.
             Both:        1.12 GB reserved,      76.38 MB (  7%) committed. 

Chunk freelists:
   Non-Class:  14.81 MB
       Class:  4.67 MB
        Both:  19.48 MB

MaxMetaspaceSize: unlimited
CompressedClassSpaceSize: 1.00 GB
Initial GC threshold: 21.00 MB
Current GC threshold: 117.75 MB
CDS: on
 - commit_granule_bytes: 65536.
 - commit_granule_words: 8192.
 - virtual_space_node_default_size: 8388608.
 - enlarge_chunks_in_place: 1.
 - use_allocation_guard: 0.


Internal statistics:

num_allocs_failed_limit: 9.
num_arena_births: 998.
num_arena_deaths: 0.
num_vsnodes_births: 3.
num_vsnodes_deaths: 0.
num_space_committed: 1222.
num_space_uncommitted: 0.
num_chunks_returned_to_freelist: 9.
num_chunks_taken_from_freelist: 3646.
num_chunk_merges: 9.
num_chunk_splits: 2729.
num_chunks_enlarged: 2214.
num_inconsistent_stats: 0.

CodeCache: size=49152Kb used=12679Kb max_used=13489Kb free=36472Kb
 bounds [0x000001c7331f0000, 0x000001c733f20000, 0x000001c7361f0000]
 total_blobs=7643 nmethods=6918 adapters=648
 compilation: enabled
              stopped_count=0, restarted_count=0
 full_count=0

Compilation events (20 events):
Event: 21.985 Thread 0x000001c73ad754e0 7630       1       org.antlr.v4.runtime.atn.PredictionMode::hasConflictingAltSet (41 bytes)
Event: 21.985 Thread 0x000001c73ad754e0 nmethod 7630 0x000001c733f16010 code [0x000001c733f16200, 0x000001c733f16470]
Event: 21.990 Thread 0x000001c73ad754e0 7631       1       org.antlr.v4.runtime.misc.FlexibleHashMap::createEntryListArray (7 bytes)
Event: 21.990 Thread 0x000001c73ad754e0 nmethod 7631 0x000001c733f16610 code [0x000001c733f167a0, 0x000001c733f168e0]
Event: 22.001 Thread 0x000001c73ad754e0 7632       1       org.antlr.v4.runtime.atn.PlusLoopbackState::getStateType (3 bytes)
Event: 22.001 Thread 0x000001c73ad754e0 nmethod 7632 0x000001c733f16990 code [0x000001c733f16b20, 0x000001c733f16be8]
Event: 22.002 Thread 0x000001c73ad754e0 7633   !   1       org.antlr.v4.runtime.atn.ParserATNSimulator::addDFAState (173 bytes)
Event: 22.003 Thread 0x000001c73ad754e0 nmethod 7633 0x000001c733f16c90 code [0x000001c733f16f60, 0x000001c733f17810]
Event: 22.003 Thread 0x000001c73ad754e0 7634       1       org.antlr.v4.runtime.Parser::enterRule (50 bytes)
Event: 22.004 Thread 0x000001c73ad754e0 nmethod 7634 0x000001c733f18010 code [0x000001c733f181e0, 0x000001c733f184b0]
Event: 22.004 Thread 0x000001c73ad754e0 7635       1       org.antlr.v4.runtime.Parser::addContextToParseTree (25 bytes)
Event: 22.004 Thread 0x000001c73ad754e0 nmethod 7635 0x000001c733f18690 code [0x000001c733f18840, 0x000001c733f18ad8]
Event: 22.014 Thread 0x000001c73ad754e0 7636       1       java.util.ArrayList::equalsArrayList (108 bytes)
Event: 22.014 Thread 0x000001c73ad754e0 nmethod 7636 0x000001c733f18c10 code [0x000001c733f18de0, 0x000001c733f19190]
Event: 22.022 Thread 0x000001c73ad754e0 7637       1       org.antlr.v4.runtime.atn.ParserATNSimulator::computeTargetState (286 bytes)
Event: 22.024 Thread 0x000001c73ad754e0 nmethod 7637 0x000001c733f19390 code [0x000001c733f19740, 0x000001c733f1a318]
Event: 22.024 Thread 0x000001c73ad754e0 7638   !   1       org.antlr.v4.runtime.atn.ParserATNSimulator::addDFAEdge (207 bytes)
Event: 22.025 Thread 0x000001c73ad754e0 nmethod 7638 0x000001c733f1ab10 code [0x000001c733f1ae40, 0x000001c733f1b990]
Event: 22.035 Thread 0x000001c73ad754e0 7639       1       org.antlr.v4.runtime.Parser::getCurrentToken (11 bytes)
Event: 22.036 Thread 0x000001c73ad754e0 nmethod 7639 0x000001c733f1c110 code [0x000001c733f1c2c0, 0x000001c733f1c3b8]

GC Heap History (20 events):
Event: 12.754 GC heap before
{Heap before GC invocations=13 (full 0):
 garbage-first heap   total 58368K, used 50772K [0x0000000081000000, 0x0000000100000000)
  region size 1024K, 24 young (24576K), 2 survivors (2048K)
 Metaspace       used 45540K, committed 46080K, reserved 1114112K
  class space    used 6142K, committed 6400K, reserved 1048576K
}
Event: 12.759 GC heap after
{Heap after GC invocations=14 (full 0):
 garbage-first heap   total 58368K, used 29253K [0x0000000081000000, 0x0000000100000000)
  region size 1024K, 1 young (1024K), 1 survivors (1024K)
 Metaspace       used 45540K, committed 46080K, reserved 1114112K
  class space    used 6142K, committed 6400K, reserved 1048576K
}
Event: 14.354 GC heap before
{Heap before GC invocations=15 (full 0):
 garbage-first heap   total 58368K, used 50757K [0x0000000081000000, 0x0000000100000000)
  region size 1024K, 23 young (23552K), 1 survivors (1024K)
 Metaspace       used 48554K, committed 49088K, reserved 1114112K
  class space    used 6543K, committed 6784K, reserved 1048576K
}
Event: 14.359 GC heap after
{Heap after GC invocations=16 (full 0):
 garbage-first heap   total 58368K, used 30277K [0x0000000081000000, 0x0000000100000000)
  region size 1024K, 2 young (2048K), 2 survivors (2048K)
 Metaspace       used 48554K, committed 49088K, reserved 1114112K
  class space    used 6543K, committed 6784K, reserved 1048576K
}
Event: 16.777 GC heap before
{Heap before GC invocations=16 (full 0):
 garbage-first heap   total 58368K, used 51781K [0x0000000081000000, 0x0000000100000000)
  region size 1024K, 23 young (23552K), 2 survivors (2048K)
 Metaspace       used 53720K, committed 54336K, reserved 1114112K
  class space    used 7406K, committed 7680K, reserved 1048576K
}
Event: 16.783 GC heap after
{Heap after GC invocations=17 (full 0):
 garbage-first heap   total 58368K, used 30900K [0x0000000081000000, 0x0000000100000000)
  region size 1024K, 3 young (3072K), 3 survivors (3072K)
 Metaspace       used 53720K, committed 54336K, reserved 1114112K
  class space    used 7406K, committed 7680K, reserved 1048576K
}
Event: 17.706 GC heap before
{Heap before GC invocations=17 (full 0):
 garbage-first heap   total 58368K, used 48308K [0x0000000081000000, 0x0000000100000000)
  region size 1024K, 21 young (21504K), 3 survivors (3072K)
 Metaspace       used 58193K, committed 58880K, reserved 1114112K
  class space    used 8053K, committed 8384K, reserved 1048576K
}
Event: 17.712 GC heap after
{Heap after GC invocations=18 (full 0):
 garbage-first heap   total 58368K, used 32234K [0x0000000081000000, 0x0000000100000000)
  region size 1024K, 3 young (3072K), 3 survivors (3072K)
 Metaspace       used 58193K, committed 58880K, reserved 1114112K
  class space    used 8053K, committed 8384K, reserved 1048576K
}
Event: 18.410 GC heap before
{Heap before GC invocations=19 (full 0):
 garbage-first heap   total 63488K, used 49642K [0x0000000081000000, 0x0000000100000000)
  region size 1024K, 20 young (20480K), 3 survivors (3072K)
 Metaspace       used 62710K, committed 63424K, reserved 1114112K
  class space    used 8748K, committed 9088K, reserved 1048576K
}
Event: 18.415 GC heap after
{Heap after GC invocations=20 (full 0):
 garbage-first heap   total 63488K, used 32945K [0x0000000081000000, 0x0000000100000000)
  region size 1024K, 2 young (2048K), 2 survivors (2048K)
 Metaspace       used 62710K, committed 63424K, reserved 1114112K
  class space    used 8748K, committed 9088K, reserved 1048576K
}
Event: 19.364 GC heap before
{Heap before GC invocations=20 (full 0):
 garbage-first heap   total 63488K, used 56497K [0x0000000081000000, 0x0000000100000000)
  region size 1024K, 25 young (25600K), 2 survivors (2048K)
 Metaspace       used 66341K, committed 67072K, reserved 1114112K
  class space    used 9358K, committed 9664K, reserved 1048576K
}
Event: 19.370 GC heap after
{Heap after GC invocations=21 (full 0):
 garbage-first heap   total 63488K, used 33457K [0x0000000081000000, 0x0000000100000000)
  region size 1024K, 3 young (3072K), 3 survivors (3072K)
 Metaspace       used 66341K, committed 67072K, reserved 1114112K
  class space    used 9358K, committed 9664K, reserved 1048576K
}
Event: 20.210 GC heap before
{Heap before GC invocations=21 (full 0):
 garbage-first heap   total 63488K, used 54961K [0x0000000081000000, 0x0000000100000000)
  region size 1024K, 25 young (25600K), 3 survivors (3072K)
 Metaspace       used 70974K, committed 71680K, reserved 1114112K
  class space    used 9984K, committed 10304K, reserved 1048576K
}
Event: 20.217 GC heap after
{Heap after GC invocations=22 (full 0):
 garbage-first heap   total 63488K, used 34689K [0x0000000081000000, 0x0000000100000000)
  region size 1024K, 3 young (3072K), 3 survivors (3072K)
 Metaspace       used 70974K, committed 71680K, reserved 1114112K
  class space    used 9984K, committed 10304K, reserved 1048576K
}
Event: 20.936 GC heap before
{Heap before GC invocations=23 (full 0):
 garbage-first heap   total 63488K, used 55169K [0x0000000081000000, 0x0000000100000000)
  region size 1024K, 24 young (24576K), 3 survivors (3072K)
 Metaspace       used 73568K, committed 74304K, reserved 1114112K
  class space    used 10448K, committed 10752K, reserved 1048576K
}
Event: 20.945 GC heap after
{Heap after GC invocations=24 (full 0):
 garbage-first heap   total 63488K, used 36487K [0x0000000081000000, 0x0000000100000000)
  region size 1024K, 3 young (3072K), 3 survivors (3072K)
 Metaspace       used 73568K, committed 74304K, reserved 1114112K
  class space    used 10448K, committed 10752K, reserved 1048576K
}
Event: 21.557 GC heap before
{Heap before GC invocations=24 (full 0):
 garbage-first heap   total 63488K, used 55943K [0x0000000081000000, 0x0000000100000000)
  region size 1024K, 22 young (22528K), 3 survivors (3072K)
 Metaspace       used 75311K, committed 76032K, reserved 1114112K
  class space    used 10777K, committed 11072K, reserved 1048576K
}
Event: 21.566 GC heap after
{Heap after GC invocations=25 (full 0):
 garbage-first heap   total 63488K, used 38128K [0x0000000081000000, 0x0000000100000000)
  region size 1024K, 2 young (2048K), 2 survivors (2048K)
 Metaspace       used 75311K, committed 76032K, reserved 1114112K
  class space    used 10777K, committed 11072K, reserved 1048576K
}
Event: 21.961 GC heap before
{Heap before GC invocations=25 (full 0):
 garbage-first heap   total 63488K, used 55536K [0x0000000081000000, 0x0000000100000000)
  region size 1024K, 20 young (20480K), 2 survivors (2048K)
 Metaspace       used 76918K, committed 77696K, reserved 1179648K
  class space    used 11128K, committed 11456K, reserved 1048576K
}
Event: 21.967 GC heap after
{Heap after GC invocations=26 (full 0):
 garbage-first heap   total 63488K, used 39136K [0x0000000081000000, 0x0000000100000000)
  region size 1024K, 3 young (3072K), 3 survivors (3072K)
 Metaspace       used 76918K, committed 77696K, reserved 1179648K
  class space    used 11128K, committed 11456K, reserved 1048576K
}

Dll operation events (13 events):
Event: 0.083 Loaded shared library C:\Users\USER\.jdks\corretto-21.0.3\bin\java.dll
Event: 0.646 Loaded shared library C:\Users\USER\.jdks\corretto-21.0.3\bin\zip.dll
Event: 0.656 Loaded shared library C:\Users\USER\.jdks\corretto-21.0.3\bin\instrument.dll
Event: 0.669 Loaded shared library C:\Users\USER\.jdks\corretto-21.0.3\bin\net.dll
Event: 0.675 Loaded shared library C:\Users\USER\.jdks\corretto-21.0.3\bin\nio.dll
Event: 0.681 Loaded shared library C:\Users\USER\.jdks\corretto-21.0.3\bin\zip.dll
Event: 1.102 Loaded shared library C:\Program Files\JetBrains\IntelliJ IDEA 2023.1.1\bin\breakgen64.dll
Event: 1.126 Loaded shared library C:\Users\USER\.jdks\corretto-21.0.3\bin\jimage.dll
Event: 1.141 Loaded shared library C:\Users\USER\.jdks\corretto-21.0.3\bin\extnet.dll
Event: 1.191 Loaded shared library C:\Users\USER\.jdks\corretto-21.0.3\bin\management.dll
Event: 1.281 Loaded shared library C:\Users\USER\.jdks\corretto-21.0.3\bin\management_ext.dll
Event: 5.379 Loaded shared library C:\Users\USER\.jdks\corretto-21.0.3\bin\sunmscapi.dll
Event: 15.472 Loaded shared library C:\Users\USER\.jdks\corretto-21.0.3\bin\verify.dll

Deoptimization events (4 events):
Event: 20.325 Thread 0x000001c700bd1a40 DEOPT PACKING pc=0x000001c73370ab1c sp=0x00000040748fa840
Event: 20.325 Thread 0x000001c700bd1a40 DEOPT UNPACKING pc=0x000001c733244e42 sp=0x00000040748f9d98 mode 0
Event: 20.632 Thread 0x000001c700bd1a40 DEOPT PACKING pc=0x000001c73371f459 sp=0x00000040748fab20
Event: 20.632 Thread 0x000001c700bd1a40 DEOPT UNPACKING pc=0x000001c733244e42 sp=0x00000040748fa028 mode 3

Classes loaded (20 events):
Event: 20.709 Loading class java/util/stream/SortedOps$SizedRefSortingSink
Event: 20.709 Loading class java/util/stream/SortedOps$SizedRefSortingSink done
Event: 20.731 Loading class javax/net/ssl/SSLException
Event: 20.731 Loading class javax/net/ssl/SSLException done
Event: 20.753 Loading class java/nio/channels/CompletionHandler
Event: 20.754 Loading class java/nio/channels/CompletionHandler done
Event: 20.778 Loading class java/lang/IllegalThreadStateException
Event: 20.778 Loading class java/lang/IllegalThreadStateException done
Event: 20.815 Loading class java/util/Base64
Event: 20.815 Loading class java/util/Base64 done
Event: 20.815 Loading class java/util/Base64$Encoder
Event: 20.815 Loading class java/util/Base64$Encoder done
Event: 20.820 Loading class java/nio/StringCharBuffer
Event: 20.820 Loading class java/nio/StringCharBuffer done
Event: 21.201 Loading class java/util/EmptyStackException
Event: 21.202 Loading class java/util/EmptyStackException done
Event: 21.244 Loading class java/io/InvalidClassException
Event: 21.244 Loading class java/io/InvalidClassException done
Event: 21.597 Loading class java/lang/invoke/MethodHandleImpl$CountingWrapper$1
Event: 21.598 Loading class java/lang/invoke/MethodHandleImpl$CountingWrapper$1 done

Classes unloaded (0 events):
No events

Classes redefined (0 events):
No events

Internal exceptions (20 events):
Event: 19.540 Thread 0x000001c700bd1a40 Exception <a 'java/lang/NoSuchMethodError'{0x000000008639e980}: 'java.lang.Object java.lang.invoke.Invokers$Holder.linkToTargetMethod(java.lang.Object, int, java.lang.Object, java.lang.Object)'> (0x000000008639e980) 
thrown [s\src\hotspot\share\interpreter\linkResolver.cpp, line 773]
Event: 19.563 Thread 0x000001c700bd1a40 Exception <a 'java/lang/NoSuchMethodError'{0x0000000086221fa8}: 'void java.lang.invoke.DirectMethodHandle$Holder.invokeSpecial(java.lang.Object, java.lang.Object, java.lang.Object, java.lang.Object, java.lang.Object, java.lang.Object, java.lang.Object, java.lang.Object)'> (0x0000000086221fa8) 
thrown [s\src\hotspot\share\interpreter\linkResolver.cpp, line 773]
Event: 19.574 Thread 0x000001c700bd1a40 Exception <a 'java/lang/NoSuchMethodError'{0x000000008625a420}: 'void java.lang.invoke.DirectMethodHandle$Holder.invokeSpecial(java.lang.Object, java.lang.Object, int, java.lang.Object)'> (0x000000008625a420) 
thrown [s\src\hotspot\share\interpreter\linkResolver.cpp, line 773]
Event: 19.575 Thread 0x000001c700bd1a40 Exception <a 'java/lang/IncompatibleClassChangeError'{0x0000000086261188}: Found class java.lang.Object, but interface was expected> (0x0000000086261188) 
thrown [s\src\hotspot\share\interpreter\linkResolver.cpp, line 840]
Event: 19.634 Thread 0x000001c700bd1a40 Exception <a 'java/lang/NoSuchMethodError'{0x00000000861beb80}: 'java.lang.Object java.lang.invoke.DirectMethodHandle$Holder.newInvokeSpecial(java.lang.Object, java.lang.Object, java.lang.Object, java.lang.Object, java.lang.Object, int, java.lang.Object)'> (0x00000000861beb80) 
thrown [s\src\hotspot\share\interpreter\linkResolver.cpp, line 773]
Event: 19.641 Thread 0x000001c700bd1a40 Exception <a 'java/lang/NoSuchMethodError'{0x00000000861ef4e0}: 'java.lang.Object java.lang.invoke.DirectMethodHandle$Holder.newInvokeSpecial(java.lang.Object, java.lang.Object, java.lang.Object, java.lang.Object, java.lang.Object, java.lang.Object, java.lang.Object, java.lang.Object, java.lang.Object, java.lang.Object, java.lang.Object, java.lang.Object)'> (0x00000000861ef4e0) 
thrown [s\src\hotspot\share\interpreter\linkResolver.cpp, line 773]
Event: 19.642 Thread 0x000001c700bd1a40 Exception <a 'java/lang/NoSuchMethodError'{0x00000000861f4588}: 'java.lang.Object java.lang.invoke.DirectMethodHandle$Holder.invokeSpecial(java.lang.Object, java.lang.Object, java.lang.Object, java.lang.Object, java.lang.Object, java.lang.Object, java.lang.Object, java.lang.Object, java.lang.Object, java.lang.Object, java.lang.Object, java.lang.Object, java.lang.Object)'> (0x00000000861f4588) 
thrown [s\src\hotspot\share\interpreter\linkResolver.cpp, line 773]
Event: 19.642 Thread 0x000001c700bd1a40 Exception <a 'java/lang/NoSuchMethodError'{0x00000000861f9270}: 'java.lang.Object java.lang.invoke.Invokers$Holder.linkToTargetMethod(java.lang.Object, java.lang.Object, java.lang.Object, java.lang.Object, java.lang.Object, java.lang.Object, java.lang.Object, java.lang.Object, java.lang.Object, java.lang.Object, java.lang.Object, java.lang.Object)'> (0x00000000861f9270) 
thrown [s\src\hotspot\share\interpreter\linkResolver.cpp, line 773]
Event: 19.736 Thread 0x000001c700bd1a40 Exception <a 'java/lang/NoSuchMethodError'{0x00000000844114c0}: 'java.lang.Object java.lang.invoke.DirectMethodHandle$Holder.newInvokeSpecial(java.lang.Object, java.lang.Object, java.lang.Object, java.lang.Object, java.lang.Object, java.lang.Object, java.lang.Object, int)'> (0x00000000844114c0) 
thrown [s\src\hotspot\share\interpreter\linkResolver.cpp, line 773]
Event: 19.736 Thread 0x000001c700bd1a40 Exception <a 'java/lang/NoSuchMethodError'{0x0000000084416230}: 'java.lang.Object java.lang.invoke.DirectMethodHandle$Holder.invokeSpecial(java.lang.Object, java.lang.Object, java.lang.Object, java.lang.Object, java.lang.Object, java.lang.Object, java.lang.Object, java.lang.Object, int)'> (0x0000000084416230) 
thrown [s\src\hotspot\share\interpreter\linkResolver.cpp, line 773]
Event: 19.736 Thread 0x000001c700bd1a40 Exception <a 'java/lang/NoSuchMethodError'{0x000000008441aa58}: 'java.lang.Object java.lang.invoke.Invokers$Holder.linkToTargetMethod(java.lang.Object, java.lang.Object, java.lang.Object, java.lang.Object, java.lang.Object, java.lang.Object, int, java.lang.Object)'> (0x000000008441aa58) 
thrown [s\src\hotspot\share\interpreter\linkResolver.cpp, line 773]
Event: 19.776 Thread 0x000001c700bd1a40 Exception <a 'java/lang/NoSuchMethodError'{0x00000000844ecab0}: 'java.lang.Object java.lang.invoke.DirectMethodHandle$Holder.newInvokeSpecial(java.lang.Object, java.lang.Object, int, java.lang.Object, int, java.lang.Object, java.lang.Object)'> (0x00000000844ecab0) 
thrown [s\src\hotspot\share\interpreter\linkResolver.cpp, line 773]
Event: 19.823 Thread 0x000001c700bd1a40 Exception <a 'java/lang/NoSuchMethodError'{0x00000000843eeca8}: 'void java.lang.invoke.DirectMethodHandle$Holder.invokeInterface(java.lang.Object, java.lang.Object)'> (0x00000000843eeca8) 
thrown [s\src\hotspot\share\interpreter\linkResolver.cpp, line 773]
Event: 20.065 Thread 0x000001c700bd1a40 Exception <a 'java/lang/IncompatibleClassChangeError'{0x0000000083b59558}: Found class java.lang.Object, but interface was expected> (0x0000000083b59558) 
thrown [s\src\hotspot\share\interpreter\linkResolver.cpp, line 840]
Event: 20.136 Thread 0x000001c700bd1a40 Exception <a 'java/lang/IncompatibleClassChangeError'{0x00000000839268a0}: Found class java.lang.Object, but interface was expected> (0x00000000839268a0) 
thrown [s\src\hotspot\share\interpreter\linkResolver.cpp, line 840]
Event: 20.405 Thread 0x000001c700bd1a40 Exception <a 'java/lang/IncompatibleClassChangeError'{0x00000000862286a8}: Found class java.lang.Object, but interface was expected> (0x00000000862286a8) 
thrown [s\src\hotspot\share\interpreter\linkResolver.cpp, line 840]
Event: 20.526 Thread 0x000001c700bd1a40 Exception <a 'java/lang/IncompatibleClassChangeError'{0x00000000860c87f8}: Found class java.lang.Object, but interface was expected> (0x00000000860c87f8) 
thrown [s\src\hotspot\share\interpreter\linkResolver.cpp, line 840]
Event: 20.653 Thread 0x000001c700bd1a40 Exception <a 'java/lang/NoSuchMethodError'{0x0000000084228cf0}: 'void java.lang.invoke.Invokers$Holder.invokeExact_MT(java.lang.Object, java.lang.Object, java.lang.Object, java.lang.Object)'> (0x0000000084228cf0) 
thrown [s\src\hotspot\share\interpreter\linkResolver.cpp, line 773]
Event: 20.754 Thread 0x000001c700bd1a40 Exception <a 'java/lang/NoSuchMethodError'{0x00000000840d1940}: 'long java.lang.invoke.DirectMethodHandle$Holder.invokeVirtual(java.lang.Object, java.lang.Object)'> (0x00000000840d1940) 
thrown [s\src\hotspot\share\interpreter\linkResolver.cpp, line 773]
Event: 20.762 Thread 0x000001c700bd1a40 Exception <a 'java/io/FileNotFoundException'{0x00000000840fcf80}> (0x00000000840fcf80) 
thrown [s\src\hotspot\share\prims\jni.cpp, line 520]

ZGC Phase Switch (0 events):
No events

VM Operations (20 events):
Event: 20.425 Executing VM operation: HandshakeAllThreads (Deoptimize) done
Event: 20.698 Executing VM operation: HandshakeAllThreads (Deoptimize)
Event: 20.698 Executing VM operation: HandshakeAllThreads (Deoptimize) done
Event: 20.700 Executing VM operation: HandshakeAllThreads (Deoptimize)
Event: 20.700 Executing VM operation: HandshakeAllThreads (Deoptimize) done
Event: 20.768 Executing VM operation: HandshakeAllThreads (Deoptimize)
Event: 20.768 Executing VM operation: HandshakeAllThreads (Deoptimize) done
Event: 20.936 Executing VM operation: G1CollectForAllocation (G1 Evacuation Pause)
Event: 20.945 Executing VM operation: G1CollectForAllocation (G1 Evacuation Pause) done
Event: 21.258 Executing VM operation: HandshakeAllThreads (Deoptimize)
Event: 21.258 Executing VM operation: HandshakeAllThreads (Deoptimize) done
Event: 21.513 Executing VM operation: HandshakeAllThreads (Deoptimize)
Event: 21.513 Executing VM operation: HandshakeAllThreads (Deoptimize) done
Event: 21.557 Executing VM operation: G1CollectForAllocation (G1 Evacuation Pause)
Event: 21.566 Executing VM operation: G1CollectForAllocation (G1 Evacuation Pause) done
Event: 21.961 Executing VM operation: G1CollectForAllocation (G1 Evacuation Pause)
Event: 21.967 Executing VM operation: G1CollectForAllocation (G1 Evacuation Pause) done
Event: 22.087 Executing VM operation: HandshakeAllThreads (Deoptimize)
Event: 22.087 Executing VM operation: HandshakeAllThreads (Deoptimize) done
Event: 22.090 Executing VM operation: G1PauseRemark

Events (20 events):
Event: 22.099 Thread 0x000001c728921cc0 flushing nmethod 0x000001c7333c3e90
Event: 22.099 Thread 0x000001c728921cc0 flushing nmethod 0x000001c7333a5c90
Event: 22.099 Thread 0x000001c728921cc0 flushing nmethod 0x000001c733335810
Event: 22.099 Thread 0x000001c728921cc0 flushing nmethod 0x000001c73333f590
Event: 22.099 Thread 0x000001c728921cc0 flushing nmethod 0x000001c733334a10
Event: 22.099 Thread 0x000001c728921cc0 flushing nmethod 0x000001c733331a90
Event: 22.099 Thread 0x000001c728921cc0 flushing nmethod 0x000001c73332b610
Event: 22.099 Thread 0x000001c728921cc0 flushing nmethod 0x000001c73332b010
Event: 22.099 Thread 0x000001c728921cc0 flushing nmethod 0x000001c733326810
Event: 22.099 Thread 0x000001c728921cc0 flushing nmethod 0x000001c73330fe90
Event: 22.099 Thread 0x000001c728921cc0 flushing nmethod 0x000001c733326510
Event: 22.099 Thread 0x000001c728921cc0 flushing nmethod 0x000001c73332c390
Event: 22.099 Thread 0x000001c728921cc0 flushing nmethod 0x000001c733327810
Event: 22.099 Thread 0x000001c728921cc0 flushing nmethod 0x000001c733303f90
Event: 22.099 Thread 0x000001c728921cc0 flushing nmethod 0x000001c733300110
Event: 22.099 Thread 0x000001c728921cc0 flushing nmethod 0x000001c7332fe190
Event: 22.099 Thread 0x000001c728921cc0 flushing nmethod 0x000001c73330b990
Event: 22.099 Thread 0x000001c728921cc0 flushing nmethod 0x000001c733302210
Event: 22.099 Thread 0x000001c728921cc0 flushing nmethod 0x000001c7332faa10
Event: 22.099 Thread 0x000001c728921cc0 flushing nmethod 0x000001c733308510


Dynamic libraries:
0x00007ff6c50c0000 - 0x00007ff6c50ce000 	C:\Users\USER\.jdks\corretto-21.0.3\bin\java.exe
0x00007ffb70610000 - 0x00007ffb70808000 	C:\WINDOWS\SYSTEM32\ntdll.dll
0x00007ffb6fb30000 - 0x00007ffb6fbed000 	C:\WINDOWS\System32\KERNEL32.DLL
0x00007ffb6e130000 - 0x00007ffb6e426000 	C:\WINDOWS\System32\KERNELBASE.dll
0x00007ffb6df10000 - 0x00007ffb6e010000 	C:\WINDOWS\System32\ucrtbase.dll
0x00007ffb67440000 - 0x00007ffb6745b000 	C:\Users\USER\.jdks\corretto-21.0.3\bin\VCRUNTIME140.dll
0x00007ffb67ee0000 - 0x00007ffb67ef8000 	C:\Users\USER\.jdks\corretto-21.0.3\bin\jli.dll
0x00007ffb6e840000 - 0x00007ffb6e9df000 	C:\WINDOWS\System32\USER32.dll
0x00007ffb6dee0000 - 0x00007ffb6df02000 	C:\WINDOWS\System32\win32u.dll
0x00007ffb6f950000 - 0x00007ffb6f97b000 	C:\WINDOWS\System32\GDI32.dll
0x00007ffb5d1f0000 - 0x00007ffb5d48a000 	C:\WINDOWS\WinSxS\amd64_microsoft.windows.common-controls_6595b64144ccf1df_6.0.19041.4355_none_60b8b9eb71f62e16\COMCTL32.dll
0x00007ffb704b0000 - 0x00007ffb7054e000 	C:\WINDOWS\System32\msvcrt.dll
0x00007ffb6dcd0000 - 0x00007ffb6dde7000 	C:\WINDOWS\System32\gdi32full.dll
0x00007ffb6de40000 - 0x00007ffb6dedd000 	C:\WINDOWS\System32\msvcp_win.dll
0x00007ffb6f920000 - 0x00007ffb6f94f000 	C:\WINDOWS\System32\IMM32.DLL
0x00007ffb67f30000 - 0x00007ffb67f3c000 	C:\Users\USER\.jdks\corretto-21.0.3\bin\vcruntime140_1.dll
0x00007ffb3e8d0000 - 0x00007ffb3e95d000 	C:\Users\USER\.jdks\corretto-21.0.3\bin\msvcp140.dll
0x00007ffad0850000 - 0x00007ffad15e1000 	C:\Users\USER\.jdks\corretto-21.0.3\bin\server\jvm.dll
0x00007ffb6fa20000 - 0x00007ffb6fad0000 	C:\WINDOWS\System32\ADVAPI32.dll
0x00007ffb6e650000 - 0x00007ffb6e6f0000 	C:\WINDOWS\System32\sechost.dll
0x00007ffb6fbf0000 - 0x00007ffb6fd13000 	C:\WINDOWS\System32\RPCRT4.dll
0x00007ffb6e430000 - 0x00007ffb6e457000 	C:\WINDOWS\System32\bcrypt.dll
0x00007ffb6fd30000 - 0x00007ffb6fd9b000 	C:\WINDOWS\System32\WS2_32.dll
0x00007ffb6d1c0000 - 0x00007ffb6d20b000 	C:\WINDOWS\SYSTEM32\POWRPROF.dll
0x00007ffb5d640000 - 0x00007ffb5d667000 	C:\WINDOWS\SYSTEM32\WINMM.dll
0x00007ffb66ef0000 - 0x00007ffb66efa000 	C:\WINDOWS\SYSTEM32\VERSION.dll
0x00007ffb6d080000 - 0x00007ffb6d092000 	C:\WINDOWS\SYSTEM32\UMPDC.dll
0x00007ffb6c4a0000 - 0x00007ffb6c4b2000 	C:\WINDOWS\SYSTEM32\kernel.appcore.dll
0x00007ffb67b50000 - 0x00007ffb67b5a000 	C:\Users\USER\.jdks\corretto-21.0.3\bin\jimage.dll
0x00007ffb63ea0000 - 0x00007ffb64084000 	C:\WINDOWS\SYSTEM32\DBGHELP.DLL
0x00007ffb59ba0000 - 0x00007ffb59bd4000 	C:\WINDOWS\SYSTEM32\dbgcore.DLL
0x00007ffb6e460000 - 0x00007ffb6e4e2000 	C:\WINDOWS\System32\bcryptPrimitives.dll
0x00007ffb66620000 - 0x00007ffb6662e000 	C:\Users\USER\.jdks\corretto-21.0.3\bin\instrument.dll
0x00007ffb66660000 - 0x00007ffb6667f000 	C:\Users\USER\.jdks\corretto-21.0.3\bin\java.dll
0x00007ffb6f020000 - 0x00007ffb6f78c000 	C:\WINDOWS\System32\SHELL32.dll
0x00007ffb6bc80000 - 0x00007ffb6c41d000 	C:\WINDOWS\SYSTEM32\windows.storage.dll
0x00007ffb70020000 - 0x00007ffb70373000 	C:\WINDOWS\System32\combase.dll
0x00007ffb6d610000 - 0x00007ffb6d63e000 	C:\WINDOWS\SYSTEM32\Wldp.dll
0x00007ffb6ff50000 - 0x00007ffb7001d000 	C:\WINDOWS\System32\OLEAUT32.dll
0x00007ffb6eb00000 - 0x00007ffb6ebad000 	C:\WINDOWS\System32\SHCORE.dll
0x00007ffb6fad0000 - 0x00007ffb6fb25000 	C:\WINDOWS\System32\shlwapi.dll
0x00007ffb6dc00000 - 0x00007ffb6dc24000 	C:\WINDOWS\SYSTEM32\profapi.dll
0x00007ffb65b00000 - 0x00007ffb65b18000 	C:\Users\USER\.jdks\corretto-21.0.3\bin\zip.dll
0x00007ffb67af0000 - 0x00007ffb67b00000 	C:\Users\USER\.jdks\corretto-21.0.3\bin\net.dll
0x00007ffb65490000 - 0x00007ffb6559a000 	C:\WINDOWS\SYSTEM32\WINHTTP.dll
0x00007ffb6d3f0000 - 0x00007ffb6d45a000 	C:\WINDOWS\system32\mswsock.dll
0x00007ffb66640000 - 0x00007ffb66656000 	C:\Users\USER\.jdks\corretto-21.0.3\bin\nio.dll
0x00007ffb63b30000 - 0x00007ffb63b4a000 	C:\Program Files\JetBrains\IntelliJ IDEA 2023.1.1\bin\breakgen64.dll
0x00007ffb67ac0000 - 0x00007ffb67ac9000 	C:\Users\USER\.jdks\corretto-21.0.3\bin\extnet.dll
0x00007ffb6d0f0000 - 0x00007ffb6d1ba000 	C:\WINDOWS\SYSTEM32\DNSAPI.dll
0x00007ffb6d0a0000 - 0x00007ffb6d0db000 	C:\WINDOWS\SYSTEM32\IPHLPAPI.DLL
0x00007ffb6f980000 - 0x00007ffb6f988000 	C:\WINDOWS\System32\NSI.dll
0x00000000521d0000 - 0x00000000521db000 	C:\Program Files\National Instruments\Shared\mDNS Responder\nimdnsNSP.dll
0x00000000521b0000 - 0x00000000521c1000 	C:\WINDOWS\SYSTEM32\nimdnsResponder.dll
0x00007ffb60100000 - 0x00007ffb6010a000 	C:\Windows\System32\rasadhlp.dll
0x00007ffb606a0000 - 0x00007ffb60720000 	C:\WINDOWS\System32\fwpuclnt.dll
0x00007ffb65a40000 - 0x00007ffb65a49000 	C:\Users\USER\.jdks\corretto-21.0.3\bin\management.dll
0x00007ffb57dc0000 - 0x00007ffb57dcb000 	C:\Users\USER\.jdks\corretto-21.0.3\bin\management_ext.dll
0x00007ffb6fd20000 - 0x00007ffb6fd28000 	C:\WINDOWS\System32\PSAPI.DLL
0x00007ffb6d960000 - 0x00007ffb6d978000 	C:\WINDOWS\SYSTEM32\CRYPTSP.dll
0x00007ffb6ccc0000 - 0x00007ffb6ccf4000 	C:\WINDOWS\system32\rsaenh.dll
0x00007ffb6db70000 - 0x00007ffb6db9e000 	C:\WINDOWS\SYSTEM32\USERENV.dll
0x00007ffb6d580000 - 0x00007ffb6d58c000 	C:\WINDOWS\SYSTEM32\CRYPTBASE.dll
0x00007ffb4f220000 - 0x00007ffb4f237000 	C:\WINDOWS\system32\napinsp.dll
0x00007ffb4f130000 - 0x00007ffb4f14b000 	C:\WINDOWS\system32\pnrpnsp.dll
0x00007ffb69ea0000 - 0x00007ffb69eb5000 	C:\WINDOWS\system32\wshbth.dll
0x00007ffb68210000 - 0x00007ffb6822d000 	C:\WINDOWS\system32\NLAapi.dll
0x00007ffb4f0e0000 - 0x00007ffb4f0f2000 	C:\WINDOWS\System32\winrnr.dll
0x00007ffb57e40000 - 0x00007ffb57e4e000 	C:\Users\USER\.jdks\corretto-21.0.3\bin\sunmscapi.dll
0x00007ffb6e4f0000 - 0x00007ffb6e64e000 	C:\WINDOWS\System32\CRYPT32.dll
0x00007ffb6d680000 - 0x00007ffb6d6a9000 	C:\WINDOWS\SYSTEM32\ncrypt.dll
0x00007ffb6d640000 - 0x00007ffb6d67b000 	C:\WINDOWS\SYSTEM32\NTASN1.dll
0x00007ffb67430000 - 0x00007ffb67440000 	C:\Users\USER\.jdks\corretto-21.0.3\bin\verify.dll

dbghelp: loaded successfully - version: 4.0.5 - missing functions: none
symbol engine: initialized successfully - sym options: 0x614 - pdb path: .;C:\Users\USER\.jdks\corretto-21.0.3\bin;C:\WINDOWS\SYSTEM32;C:\WINDOWS\WinSxS\amd64_microsoft.windows.common-controls_6595b64144ccf1df_6.0.19041.4355_none_60b8b9eb71f62e16;C:\Users\USER\.jdks\corretto-21.0.3\bin\server;C:\Program Files\JetBrains\IntelliJ IDEA 2023.1.1\bin;C:\Program Files\National Instruments\Shared\mDNS Responder

VM Arguments:
jvm_args: -XX:TieredStopAtLevel=1 -Dspring.output.ansi.enabled=always -Dcom.sun.management.jmxremote -Dspring.jmx.enabled=true -Dspring.liveBeansView.mbeanDomain -Dspring.application.admin.enabled=true -Dmanagement.endpoints.jmx.exposure.include=* -javaagent:C:\Program Files\JetBrains\IntelliJ IDEA 2023.1.1\lib\idea_rt.jar=49970:C:\Program Files\JetBrains\IntelliJ IDEA 2023.1.1\bin -Dfile.encoding=UTF-8 -Dsun.stdout.encoding=UTF-8 -Dsun.stderr.encoding=UTF-8 
java_command: com.example.hotelManagmentSystem.HotelManagmentSystemApplication
java_class_path (initial): C:\Users\USER\OneDrive\Desktop\hotelManagmentSystem\target\classes;C:\Users\USER\.m2\repository\org\springframework\boot\spring-boot-starter-data-jpa\3.3.0\spring-boot-starter-data-jpa-3.3.0.jar;C:\Users\USER\.m2\repository\org\springframework\boot\spring-boot-starter-aop\3.3.0\spring-boot-starter-aop-3.3.0.jar;C:\Users\USER\.m2\repository\org\aspectj\aspectjweaver\1.9.22\aspectjweaver-1.9.22.jar;C:\Users\USER\.m2\repository\org\springframework\boot\spring-boot-starter-jdbc\3.3.0\spring-boot-starter-jdbc-3.3.0.jar;C:\Users\USER\.m2\repository\com\zaxxer\HikariCP\5.1.0\HikariCP-5.1.0.jar;C:\Users\USER\.m2\repository\org\springframework\spring-jdbc\6.1.8\spring-jdbc-6.1.8.jar;C:\Users\USER\.m2\repository\org\hibernate\orm\hibernate-core\6.5.2.Final\hibernate-core-6.5.2.Final.jar;C:\Users\USER\.m2\repository\jakarta\persistence\jakarta.persistence-api\3.1.0\jakarta.persistence-api-3.1.0.jar;C:\Users\USER\.m2\repository\jakarta\transaction\jakarta.transaction-api\2.0.1\jakarta.transaction-api-2.0.1.jar;C:\Users\USER\.m2\repository\org\jboss\logging\jboss-logging\3.5.3.Final\jboss-logging-3.5.3.Final.jar;C:\Users\USER\.m2\repository\org\hibernate\common\hibernate-commons-annotations\6.0.6.Final\hibernate-commons-annotations-6.0.6.Final.jar;C:\Users\USER\.m2\repository\io\smallrye\jandex\3.1.2\jandex-3.1.2.jar;C:\Users\USER\.m2\repository\com\fasterxml\classmate\1.7.0\classmate-1.7.0.jar;C:\Users\USER\.m2\repository\org\glassfish\jaxb\jaxb-runtime\4.0.5\jaxb-runtime-4.0.5.jar;C:\Users\USER\.m2\repository\org\glassfish\jaxb\jaxb-core\4.0.5\jaxb-core-4.0.5.jar;C:\Users\USER\.m2\repository\org\eclipse\angus\angus-activation\2.0.2\angus-activation-2.0.2.jar;C:\Users\USER\.m2\repository\org\glassfish\jaxb\txw2\4.0.5\txw2-4.0.5.jar;C:\Users\USER\.m2\repository\com\sun\istack\istack-commons-runtime\4.1.2\istack-commons-runtime-4.1.2.jar;C:\Users\USER\.m2\repository\jakarta\inject\jakarta.inject-api\2.0.1\jakarta.inject-api-2.0.1.jar;C:\Users\USER\.m2\repository\org\antlr\antlr4-runtime\4.13.0\antlr4-runtime-4.13.0.jar;C:\Users\USER\.m2\repository\org\springframework\data\spring-data-jpa\3.3.0\spring-data-jpa-3.3.0.jar;C:\Users\USER\.m2\repository\org\springframework\data\spring-data-commons\3.3.0\spring-data-commons-3.3.0.jar;C:\Users\USER\.m2\repository\org\springframework\spring-orm\6.1.8\spring-orm-6.1.8.jar;C:\Users\USER\.m2\repository\org\springframework\spring-context\6.1.8\spring-context-6.1.8.jar;C:\Users\USER\.m2\repository\org\springframework\spring-tx\6.1.8\spring-tx-6.1.8.jar;C:\Users\USER\.m2\repository\org\springframework\spring-beans\6.1.8\spring-beans-6.1.8.jar;C:\Users\USER\.m2\repository\org\slf4j\slf4j-api\2.0.13\slf4j-api-2.0.13.jar;C:\Users\USER\.m2\repository\org\springframework\spring-aspects\6.1.8\spring-aspects-6.1.8.jar;C:\Users\USER\.m2\repository\org\springframework\boot\spring-boot-starter-validation\3.3.0\spring-boot-starter-validation-3.3.0.jar;C:\Users\USER\.m2\repository\org\springframework\boot\spring-boot-starter\3.3.0\spring-boot-starter-3.3.0.jar;C:\Users\USER\.m2\repository\org\springframework\boot\spring-boot-starter-logging\3.3.0\spring-boot-starter-logging-3.3.0.jar;C:\Users\USER\.m2\repository\ch\qos\logback\logback-classic\1.5.6\logback-classic-1.5.6.jar;C:\Users\USER\.m2\repository\ch\qos\logback\logback-core\1.5.6\logback-core-1.5.6.jar;C:\Users\USER\.m2\repository\org\apache\logging\log4j\log4j-to-slf4j\2.23.1\log4j-to-slf4j-2.23.1.jar;C:\Users\USER\.m2\repository\org\apache\logging\log4j\log4j-api\2.23.1\log4j-api-2.23.1.jar;C:\Users\USER\.m2\repository\org\slf4j\jul-to-slf4j\2.0.13\jul-to-slf4j-2.0.13.jar;C:\Users\USER\.m2\repository\org\apache\tomcat\embed\tomcat-embed-el\10.1.24\tomcat-embed-el-10.1.24.jar;C:\Users\USER\.m2\repository\org\hibernate\validator\hibernate-validator\8.0.1.Final\hibernate-validator-8.0.1.Final.jar;C:\Users\USER\.m2\repository\jakarta\validation\jakarta.validation-api\3.0.2\jakarta.validation-api-3.0.2.jar;C:\Users\USER\.m2\repository\org\springframework\boot\spring-boot-starter-web\3.3.0\spring-boot-starter-web-3.3.0.jar;C:\Users\USER\.m2\repository\org\springframework\boot\spring-boot-starter-json\3.3.0\spring-boot-starter-json-3.3.0.jar;C:\Users\USER\.m2\repository\com\fasterxml\jackson\datatype\jackson-datatype-jdk8\2.17.1\jackson-datatype-jdk8-2.17.1.jar;C:\Users\USER\.m2\repository\com\fasterxml\jackson\datatype\jackson-datatype-jsr310\2.17.1\jackson-datatype-jsr310-2.17.1.jar;C:\Users\USER\.m2\repository\com\fasterxml\jackson\module\jackson-module-parameter-names\2.17.1\jackson-module-parameter-names-2.17.1.jar;C:\Users\USER\.m2\repository\org\springframework\boot\spring-boot-starter-tomcat\3.3.0\spring-boot-starter-tomcat-3.3.0.jar;C:\Users\USER\.m2\repository\org\apache\tomcat\embed\tomcat-embed-core\10.1.24\tomcat-embed-core-10.1.24.jar;C:\Users\USER\.m2\repository\org\apache\tomcat\embed\tomcat-embed-websocket\10.1.24\tomcat-embed-websocket-10.1.24.jar;C:\Users\USER\.m2\repository\org\springframework\spring-web\6.1.8\spring-web-6.1.8.jar;C:\Users\USER\.m2\repository\io\micrometer\micrometer-observation\1.13.0\micrometer-observation-1.13.0.jar;C:\Users\USER\.m2\repository\io\micrometer\micrometer-commons\1.13.0\micrometer-commons-1.13.0.jar;C:\Users\USER\.m2\repository\org\springframework\spring-webmvc\6.1.8\spring-webmvc-6.1.8.jar;C:\Users\USER\.m2\repository\org\springframework\spring-expression\6.1.8\spring-expression-6.1.8.jar;C:\Users\USER\.m2\repository\org\springframework\boot\spring-boot-starter-security\3.3.0\spring-boot-starter-security-3.3.0.jar;C:\Users\USER\.m2\repository\org\springframework\spring-aop\6.1.8\spring-aop-6.1.8.jar;C:\Users\USER\.m2\repository\org\springframework\security\spring-security-config\6.3.0\spring-security-config-6.3.0.jar;C:\Users\USER\.m2\repository\org\springframework\security\spring-security-core\6.3.0\spring-security-core-6.3.0.jar;C:\Users\USER\.m2\repository\org\springframework\security\spring-security-crypto\6.3.0\spring-security-crypto-6.3.0.jar;C:\Users\USER\.m2\repository\org\springframework\security\spring-security-web\6.3.0\spring-security-web-6.3.0.jar;C:\Users\USER\.m2\repository\org\springframework\boot\spring-boot-devtools\3.3.0\spring-boot-devtools-3.3.0.jar;C:\Users\USER\.m2\repository\org\springframework\boot\spring-boot\3.3.0\spring-boot-3.3.0.jar;C:\Users\USER\.m2\repository\org\springframework\boot\spring-boot-autoconfigure\3.3.0\spring-boot-autoconfigure-3.3.0.jar;C:\Users\USER\.m2\repository\org\postgresql\postgresql\42.7.3\postgresql-42.7.3.jar;C:\Users\USER\.m2\repository\org\checkerframework\checker-qual\3.42.0\checker-qual-3.42.0.jar;C:\Users\USER\.m2\repository\org\projectlombok\lombok\1.18.32\lombok-1.18.32.jar;C:\Users\USER\.m2\repository\jakarta\xml\bind\jakarta.xml.bind-api\4.0.2\jakarta.xml.bind-api-4.0.2.jar;C:\Users\USER\.m2\repository\jakarta\activation\jakarta.activation-api\2.1.3\jakarta.activation-api-2.1.3.jar;C:\Users\USER\.m2\repository\org\springframework\spring-core\6.1.8\spring-core-6.1.8.jar;C:\Users\USER\.m2\repository\org\springframework\spring-jcl\6.1.8\spring-jcl-6.1.8.jar;C:\Users\USER\.m2\repository\jakarta\annotation\jakarta.annotation-api\3.0.0\jakarta.annotation-api-3.0.0.jar;C:\Users\USER\.m2\repository\io\jsonwebtoken\jjwt-jackson\0.11.5\jjwt-jackson-0.11.5.jar;C:\Users\USER\.m2\repository\com\fasterxml\jackson\core\jackson-databind\2.17.1\jackson-databind-2.17.1.jar;C:\Users\USER\.m2\repository\com\fasterxml\jackson\core\jackson-annotations\2.17.1\jackson-annotations-2.17.1.jar;C:\Users\USER\.m2\repository\com\fasterxml\jackson\core\jackson-core\2.17.1\jackson-core-2.17.1.jar;C:\Users\USER\.m2\repository\io\jsonwebtoken\jjwt-impl\0.11.5\jjwt-impl-0.11.5.jar;C:\Users\USER\.m2\repository\io\jsonwebtoken\jjwt-api\0.11.5\jjwt-api-0.11.5.jar;C:\Users\USER\.m2\repository\org\springdoc\springdoc-openapi-starter-webmvc-ui\2.5.0\springdoc-openapi-starter-webmvc-ui-2.5.0.jar;C:\Users\USER\.m2\repository\org\springdoc\springdoc-openapi-starter-webmvc-api\2.5.0\springdoc-openapi-starter-webmvc-api-2.5.0.jar;C:\Users\USER\.m2\repository\org\springdoc\springdoc-openapi-starter-common\2.5.0\springdoc-openapi-starter-common-2.5.0.jar;C:\Users\USER\.m2\repository\io\swagger\core\v3\swagger-core-jakarta\2.2.21\swagger-core-jakarta-2.2.21.jar;C:\Users\USER\.m2\repository\io\swagger\core\v3\swagger-annotations-jakarta\2.2.21\swagger-annotations-jakarta-2.2.21.jar;C:\Users\USER\.m2\repository\io\swagger\core\v3\swagger-models-jakarta\2.2.21\swagger-models-jakarta-2.2.21.jar;C:\Users\USER\.m2\repository\com\fasterxml\jackson\dataformat\jackson-dataformat-yaml\2.17.1\jackson-dataformat-yaml-2.17.1.jar;C:\Users\USER\.m2\repository\org\webjars\swagger-ui\5.13.0\swagger-ui-5.13.0.jar;C:\Users\USER\.m2\repository\net\bytebuddy\byte-buddy\1.14.16\byte-buddy-1.14.16.jar;C:\Users\USER\.m2\repository\org\liquibase\liquibase-core\4.27.0\liquibase-core-4.27.0.jar;C:\Users\USER\.m2\repository\com\opencsv\opencsv\5.9\opencsv-5.9.jar;C:\Users\USER\.m2\repository\org\apache\commons\commons-text\1.11.0\commons-text-1.11.0.jar;C:\Users\USER\.m2\repository\org\apache\commons\commons-collections4\4.4\commons-collections4-4.4.jar;C:\Users\USER\.m2\repository\org\yaml\snakeyaml\2.2\snakeyaml-2.2.jar;C:\Users\USER\.m2\repository\javax\xml\bind\jaxb-api\2.3.1\jaxb-api-2.3.1.jar;C:\Users\USER\.m2\repository\org\apache\commons\commons-lang3\3.14.0\commons-lang3-3.14.0.jar;C:\Users\USER\.m2\repository\org\liquibase\liquibase-maven-plugin\4.27.0\liquibase-maven-plugin-4.27.0.jar;C:\Users\USER\.m2\repository\org\liquibase\liquibase-commercial\4.27.0\liquibase-commercial-4.27.0.jar
Launcher Type: SUN_STANDARD

[Global flags]
     intx CICompilerCount                          = 3                                         {product} {ergonomic}
     uint ConcGCThreads                            = 1                                         {product} {ergonomic}
     uint G1ConcRefinementThreads                  = 4                                         {product} {ergonomic}
   size_t G1HeapRegionSize                         = 1048576                                   {product} {ergonomic}
    uintx GCDrainStackTargetSize                   = 64                                        {product} {ergonomic}
   size_t InitialHeapSize                          = 134217728                                 {product} {ergonomic}
     bool ManagementServer                         = true                                      {product} {command line}
   size_t MarkStackSize                            = 4194304                                   {product} {ergonomic}
   size_t MaxHeapSize                              = 2130706432                                {product} {ergonomic}
   size_t MaxNewSize                               = 1278214144                                {product} {ergonomic}
   size_t MinHeapDeltaBytes                        = 1048576                                   {product} {ergonomic}
   size_t MinHeapSize                              = 8388608                                   {product} {ergonomic}
    uintx NonNMethodCodeHeapSize                   = 4096                                   {pd product} {ergonomic}
    uintx NonProfiledCodeHeapSize                  = 0                                      {pd product} {ergonomic}
     bool ProfileInterpreter                       = false                                  {pd product} {command line}
    uintx ProfiledCodeHeapSize                     = 0                                      {pd product} {ergonomic}
   size_t SoftMaxHeapSize                          = 2130706432                             {manageable} {ergonomic}
     intx TieredStopAtLevel                        = 1                                         {product} {command line}
     bool UseCompressedOops                        = true                           {product lp64_product} {ergonomic}
     bool UseG1GC                                  = true                                      {product} {ergonomic}
     bool UseLargePagesIndividualAllocation        = false                                  {pd product} {ergonomic}

Logging:
Log output configuration:
 #0: stdout all=warning uptime,level,tags foldmultilines=false
 #1: stderr all=off uptime,level,tags foldmultilines=false

Environment Variables:
JAVA_HOME=C:\Program Files\Java\jdk-18.0.2.1
PATH=C:\app\USER\product\21c\dbhomeXE\bin;C:\Program Files\Common Files\Oracle\Java\javapath;C:\WINDOWS\system32;C:\WINDOWS;C:\WINDOWS\System32\Wbem;C:\WINDOWS\System32\WindowsPowerShell\v1.0\;C:\WINDOWS\System32\OpenSSH\;C:\Program Files\dotnet\;C:\ProgramData\chocolatey\bin;C:\Program Files\Microsoft VS Code\bin;C:\Program Files\MATLAB\R2016a\bin;C:\Program Files\Docker\Docker\resources\bin;C:\Program Files\Java\jdk-18.0.2.1\bin;C:\Program Files\Git\cmd;C:\Program Files\apache-maven-3.9.6\bin;C:\Program Files\nodejs\;C:\Users\USER\AppData\Local\Programs\Python\Launcher\;C:\Program Files\MySQL\MySQL Shell 8.0\bin\;C:\Users\USER\AppData\Local\Microsoft\WindowsApps;C:\Users\USER\.dotnet\tools;C:\Users\USER\AppData\Local\Programs\Microsoft VS Code\bin;C:\msys64\mingw64\bin;C:\Users\USER\.dotnet\tools;C:\Users\USER\AppData\Local\Microsoft\WinGet\Packages\Schniz.fnm_Microsoft.Winget.Source_8wekyb3d8bbwe;C:\Users\USER\AppData\Roaming\npm
USERNAME=USER
OS=Windows_NT
PROCESSOR_IDENTIFIER=Intel64 Family 6 Model 61 Stepping 4, GenuineIntel
TMP=C:\Users\USER\AppData\Local\Temp
TEMP=C:\Users\USER\AppData\Local\Temp




Periodic native trim disabled

---------------  S Y S T E M  ---------------

OS:
 Windows 10 , 64 bit Build 19041 (10.0.19041.3636)
OS uptime: 1 days 22:24 hours
Hyper-V role detected

CPU: total 4 (initial active 4) (2 cores per cpu, 2 threads per core) family 6 model 61 stepping 4 microcode 0x2d, cx8, cmov, fxsr, ht, mmx, 3dnowpref, sse, sse2, sse3, ssse3, sse4.1, sse4.2, popcnt, lzcnt, tsc, tscinvbit, avx, avx2, aes, erms, clmul, bmi1, bmi2, adx, fma, vzeroupper, clflush, hv, rdtscp, f16c
Processor Information for all 4 processors :
  Max Mhz: 2401, Current Mhz: 2400, Mhz Limit: 2376

Memory: 4k page, system-wide physical 8120M (93M free)
TotalPageFile size 32696M (AvailPageFile size 8M)
current process WorkingSet (physical memory assigned to process): 238M, peak: 238M
current process commit charge ("private bytes"): 270M, peak: 296M

vm_info: OpenJDK 64-Bit Server VM (21.0.3+9-LTS) for windows-amd64 JRE (21.0.3+9-LTS), built on 2024-04-10T19:10:39Z by "Administrator" with MS VC++ 16.10 / 16.11 (VS2019)

END.
